<?xml version="1.0" encoding="UTF-8"?>
<!-- Generated by org.testng.reporters.JUnitXMLReporter -->
<testsuite hostname="MGEubuntuVM" ignored="0" name="Tools-QA" tests="2" failures="1" timestamp="09 Nov 2017 14:26:27 GMT" time="5.709" errors="0">
  <testcase name="testcase01" time="0.045" classname="org.gradle.rbbTest"/>
  <testcase name="testcase002" time="0.093" classname="org.gradle.rbbTest">
    <failure type="java.lang.AssertionError" message="expected [aa] but found [rbb|24 | rbb|24 - Nachrichten aus Berlin und Brandenburg]">
      <![CDATA[java.lang.AssertionError: expected [aa] but found [rbb|24 | rbb|24 - Nachrichten aus Berlin und Brandenburg]
... Removed 32 stack frames]]>
    </failure>
  </testcase> <!-- testcase002 -->
</testsuite> <!-- Tools-QA -->
