<?xml version="1.0" encoding="UTF-8"?>
<testng-results skipped="0" failed="0" ignored="0" total="1" passed="1">
  <reporter-output>
  </reporter-output>
  <suite name="Default suite" duration-ms="106" started-at="2017-11-03T16:02:29Z" finished-at="2017-11-03T16:02:29Z">
    <groups>
    </groups>
    <test name="Default test" duration-ms="106" started-at="2017-11-03T16:02:29Z" finished-at="2017-11-03T16:02:29Z">
      <class name="org.gradle.rbbTest">
        <test-method status="PASS" signature="testcase()[pri:7, instance:org.gradle.rbbTest@285f38f6]" name="testcase" duration-ms="32" started-at="2017-11-03T17:02:29Z" finished-at="2017-11-03T17:02:29Z">
          <reporter-output>
          </reporter-output>
        </test-method> <!-- testcase -->
      </class> <!-- org.gradle.rbbTest -->
    </test> <!-- Default test -->
  </suite> <!-- Default suite -->
</testng-results>
