<?xml version="1.0" encoding="UTF-8"?>
<testng-results skipped="0" failed="0" ignored="0" total="1" passed="1">
  <reporter-output>
  </reporter-output>
  <suite name="Test-Suite" duration-ms="114" started-at="2017-11-07T16:36:14Z" finished-at="2017-11-07T16:36:14Z">
    <groups>
    </groups>
    <test name="Tools-QA" duration-ms="114" started-at="2017-11-07T16:36:14Z" finished-at="2017-11-07T16:36:14Z">
      <class name="org.gradle.rbbTest">
        <test-method status="PASS" signature="testcase()[pri:7, instance:org.gradle.rbbTest@4baed682]" name="testcase" duration-ms="22" started-at="2017-11-07T17:36:14Z" finished-at="2017-11-07T17:36:14Z">
          <reporter-output>
          </reporter-output>
        </test-method> <!-- testcase -->
      </class> <!-- org.gradle.rbbTest -->
    </test> <!-- Tools-QA -->
  </suite> <!-- Test-Suite -->
</testng-results>
